[2025-10-11 15:52:41] root: INFO: Starting Flye 2.9.6-b1802
[2025-10-11 15:52:41] root: DEBUG: Cmd: /scratch/lustre/home/maab9325/miniforge3/envs/autocycler/bin/flye --nano-hq subsampled_reads/sample_02.fastq --threads 8 --out-dir /tmp/slurm-maab9325-184442/.tmpUbVN2X
[2025-10-11 15:52:41] root: DEBUG: Python version: 3.12.11 | packaged by conda-forge | (main, Jun  4 2025, 14:45:31) [GCC 13.3.0]
[2025-10-11 15:52:41] root: INFO: >>>STAGE: configure
[2025-10-11 15:52:41] root: INFO: Configuring run
[2025-10-11 15:52:42] root: INFO: Total read length: 133795090
[2025-10-11 15:52:42] root: INFO: Reads N50/N90: 7456 / 3227
[2025-10-11 15:52:42] root: INFO: Minimum overlap set to 3000
[2025-10-11 15:52:42] root: INFO: >>>STAGE: assembly
[2025-10-11 15:52:42] root: INFO: Assembling disjointigs
[2025-10-11 15:52:42] root: DEBUG: -----Begin assembly log------
[2025-10-11 15:52:42] root: DEBUG: Running: flye-modules assemble --reads /scratch/lustre/home/maab9325/de_novo_genomes/subsampled_reads/sample_02.fastq --out-asm /tmp/slurm-maab9325-184442/.tmpUbVN2X/00-assembly/draft_assembly.fasta --config /scratch/lustre/home/maab9325/miniforge3/envs/autocycler/lib/python3.12/site-packages/flye/config/bin_cfg/asm_nano_hq.cfg --log /tmp/slurm-maab9325-184442/.tmpUbVN2X/flye.log --threads 8 --min-ovlp 3000
[2025-10-11 15:52:42] DEBUG: Build date: May  4 2025 23:17:52
[2025-10-11 15:52:42] DEBUG: Total RAM: 503 Gb
[2025-10-11 15:52:42] DEBUG: Available RAM: 488 Gb
[2025-10-11 15:52:42] DEBUG: Total CPUs: 40
[2025-10-11 15:52:42] DEBUG: Loading /scratch/lustre/home/maab9325/miniforge3/envs/autocycler/lib/python3.12/site-packages/flye/config/bin_cfg/asm_nano_hq.cfg
[2025-10-11 15:52:42] DEBUG: Loading /scratch/lustre/home/maab9325/miniforge3/envs/autocycler/lib/python3.12/site-packages/flye/config/bin_cfg/asm_defaults.cfg
[2025-10-11 15:52:42] DEBUG: 	big_genome_threshold=29000000
[2025-10-11 15:52:42] DEBUG: 	meta_read_filter_kmer_freq=100
[2025-10-11 15:52:42] DEBUG: 	chain_large_gap_penalty=2
[2025-10-11 15:52:42] DEBUG: 	chain_small_gap_penalty=0.5
[2025-10-11 15:52:42] DEBUG: 	chain_gap_jump_threshold=100
[2025-10-11 15:52:42] DEBUG: 	max_jump_gap=500
[2025-10-11 15:52:42] DEBUG: 	max_coverage_drop_rate=5
[2025-10-11 15:52:42] DEBUG: 	max_extensions_drop_rate=5
[2025-10-11 15:52:42] DEBUG: 	chimera_window=100
[2025-10-11 15:52:42] DEBUG: 	chimera_overhang=1000
[2025-10-11 15:52:42] DEBUG: 	min_reads_in_disjointig=4
[2025-10-11 15:52:42] DEBUG: 	max_inner_reads=10
[2025-10-11 15:52:42] DEBUG: 	max_inner_fraction=0.25
[2025-10-11 15:52:42] DEBUG: 	aggressive_dup_filter=1
[2025-10-11 15:52:42] DEBUG: 	max_separation=500
[2025-10-11 15:52:42] DEBUG: 	unique_edge_length=50000
[2025-10-11 15:52:42] DEBUG: 	min_repeat_res_support=0.51
[2025-10-11 15:52:42] DEBUG: 	out_paths_ratio=5
[2025-10-11 15:52:42] DEBUG: 	graph_cov_drop_rate=5
[2025-10-11 15:52:42] DEBUG: 	coverage_estimate_window=100
[2025-10-11 15:52:42] DEBUG: 	max_bubble_length=50000
[2025-10-11 15:52:42] DEBUG: 	loop_coverage_rate=1.5
[2025-10-11 15:52:42] DEBUG: 	repeat_edge_cov_mult=1.75
[2025-10-11 15:52:42] DEBUG: 	weak_detach_rate=5
[2025-10-11 15:52:42] DEBUG: 	tip_coverage_rate=2
[2025-10-11 15:52:42] DEBUG: 	tip_length_rate=2
[2025-10-11 15:52:42] DEBUG: 	output_gfa_before_rr=1
[2025-10-11 15:52:42] DEBUG: 	remove_alt_edges=0
[2025-10-11 15:52:42] DEBUG: 	low_cutoff_warning=0
[2025-10-11 15:52:42] DEBUG: 	kmer_size=17
[2025-10-11 15:52:42] DEBUG: 	use_minimizers=1
[2025-10-11 15:52:42] DEBUG: 	minimizer_window=10
[2025-10-11 15:52:42] DEBUG: 	reads_base_alignment=1
[2025-10-11 15:52:42] DEBUG: 	meta_read_top_kmer_rate=0.75
[2025-10-11 15:52:42] DEBUG: 	maximum_jump=1500
[2025-10-11 15:52:42] DEBUG: 	maximum_overhang=1500
[2025-10-11 15:52:42] DEBUG: 	repeat_kmer_rate=100
[2025-10-11 15:52:42] DEBUG: 	assemble_ovlp_divergence=0.03
[2025-10-11 15:52:42] DEBUG: 	assemble_divergence_relative=1
[2025-10-11 15:52:42] DEBUG: 	repeat_graph_ovlp_divergence=0.03
[2025-10-11 15:52:42] DEBUG: 	read_align_ovlp_divergence=0.10
[2025-10-11 15:52:42] DEBUG: 	hpc_scoring_on=1
[2025-10-11 15:52:42] DEBUG: 	add_unassembled_reads=0
[2025-10-11 15:52:42] DEBUG: 	extend_contigs_with_repeats=0
[2025-10-11 15:52:42] DEBUG: 	min_read_cov_cutoff=3
[2025-10-11 15:52:42] DEBUG: 	short_tip_length=20000
[2025-10-11 15:52:42] DEBUG: 	long_tip_length=100000
[2025-10-11 15:52:42] DEBUG: Running with k-mer size: 17
[2025-10-11 15:52:42] DEBUG: Running with minimum overlap 3000
[2025-10-11 15:52:42] DEBUG: Metagenome mode: N
[2025-10-11 15:52:42] DEBUG: Short mode: N
[2025-10-11 15:52:42] INFO: Reading sequences
[2025-10-11 15:52:42] DEBUG: Building positional index
[2025-10-11 15:52:42] DEBUG: Total sequence: 124496830 bp
[2025-10-11 15:52:42] INFO: Building minimizer index
[2025-10-11 15:52:42] INFO: Pre-calculating index storage
[2025-10-11 15:52:43] DEBUG: Mean k-mer frequency: 7.47033
[2025-10-11 15:52:43] DEBUG: Repetitive k-mer frequency: 747
[2025-10-11 15:52:43] DEBUG: Filtered 11270 repetitive k-mers (0.000499107)
[2025-10-11 15:52:44] INFO: Filling index
[2025-10-11 15:52:45] DEBUG: Sorting k-mer index
[2025-10-11 15:52:45] DEBUG: Selected k-mers: 3022661
[2025-10-11 15:52:45] DEBUG: K-mer index size: 22569054
[2025-10-11 15:52:45] DEBUG: Mean k-mer frequency: 7.46662
[2025-10-11 15:52:45] DEBUG: Minimizer rate: 5.51626
[2025-10-11 15:52:45] DEBUG: Peak RAM usage: 0 Gb
[2025-10-11 15:52:45] DEBUG: Estimating k-mer identity bias
[2025-10-11 15:52:48] DEBUG: Initial divergence estimate : 0.0206978
[2025-10-11 15:52:48] DEBUG: Relative threshold: Y
[2025-10-11 15:52:48] DEBUG: Max divergence threshold set to 0.0506978
[2025-10-11 15:52:48] INFO: Extending reads
[2025-10-11 15:52:48] DEBUG: Estimating overlap coverage
[2025-10-11 15:53:04] INFO: Overlap-based coverage: 25
[2025-10-11 15:53:04] INFO: Median overlap divergence: 0.0209489
[2025-10-11 15:53:04] DEBUG: Sequence divergence distribution: 

    |   **     |                                                                                         
    |   **     |                                                                                         
    |   **     |                                                                                         
    |   **     |                                                                                         
    |   **     |                                                                                         
    |   **     |                                                                                         
    |   ***    |                                                                                         
    |   ***    |                                                                                         
    |   ***    |                                                                                         
    |  ****    |                                                                                         
    |  ****    |                                                                                         
    |  ****    |                                                                                         
    |  ****    |                                                                                         
    |  ****    |                                                                                         
    |  *****   |                                                                                         
    |  *****   |                                                                                         
    |  *****   |                                                                                         
    |  *****   |                                                                                         
    | ****** * |                                                                                         
    | *********** **  *      *                              *                                            
    ----------------------------------------------------------------------------------------------------
    0%        5%        10%       15%       20%       25%       30%       35%       40%       45%       

    Q25 = 0.017, Q50 = 0.021, Q75 = 0.026

[2025-10-11 15:53:16] DEBUG: Assembled disjointig 1
	With 589 reads
	Start read: +SRR34323118.24225
	At position: 585
	leftTip: 0 rightTip: 0
	Suspicious: 2
	Short ext: 2
	Mean extensions: 17
	Avg overlap len: 12974
	Min overlap len: 2309
	Inner reads: 0
	Length: 4371134
[2025-10-11 15:53:16] DEBUG: Inner: 32732 covered: 32936 total: 35178
[2025-10-11 15:53:16] DEBUG: Discarded disjointig with 586 reads and 584 inner overlaps
[2025-10-11 15:53:16] DEBUG: Discarded disjointig with 587 reads and 585 inner overlaps
[2025-10-11 15:53:16] DEBUG: Discarded disjointig with 493 reads and 491 inner overlaps
[2025-10-11 15:53:16] DEBUG: Discarded disjointig with 424 reads and 422 inner overlaps
[2025-10-11 15:53:16] DEBUG: Discarded disjointig with 458 reads and 456 inner overlaps
[2025-10-11 15:53:16] DEBUG: Discarded disjointig with 358 reads and 356 inner overlaps
[2025-10-11 15:53:16] DEBUG: Discarded disjointig with 588 reads and 585 inner overlaps
[2025-10-11 15:53:20] INFO: Assembled 1 disjointigs
[2025-10-11 15:53:20] INFO: Generating sequence
[2025-10-11 15:53:20] DEBUG: Building positional index
[2025-10-11 15:53:20] DEBUG: Total sequence: 4371153 bp
[2025-10-11 15:53:20] DEBUG: Mean k-mer frequency: 1.02789
[2025-10-11 15:53:20] DEBUG: Repetitive k-mer frequency: 102
[2025-10-11 15:53:20] DEBUG: Filtered 0 repetitive k-mers (0)
[2025-10-11 15:53:21] DEBUG: Sorting k-mer index
[2025-10-11 15:53:21] DEBUG: Selected k-mers: 772772
[2025-10-11 15:53:21] DEBUG: K-mer index size: 794322
[2025-10-11 15:53:21] DEBUG: Mean k-mer frequency: 1.02789
[2025-10-11 15:53:21] DEBUG: Minimizer rate: 5.503
[2025-10-11 15:53:21] INFO: Filtering contained disjointigs
[2025-10-11 15:53:22] DEBUG: Computing transitive closure for overlaps
[2025-10-11 15:53:22] DEBUG: Found 4 overlaps
[2025-10-11 15:53:22] DEBUG: Left 4 overlaps after filtering
[2025-10-11 15:53:22] INFO: Contained seqs: 0
[2025-10-11 15:53:22] DEBUG: Writing FASTA
[2025-10-11 15:53:22] DEBUG: Peak RAM usage: 0 Gb
-----------End assembly log------------
[2025-10-11 15:53:22] root: DEBUG: Disjointigs length: 4371153, N50: 4371153
[2025-10-11 15:53:22] root: INFO: >>>STAGE: consensus
[2025-10-11 15:53:22] root: INFO: Running Minimap2
[2025-10-11 15:53:33] root: INFO: Computing consensus
[2025-10-11 15:53:55] root: INFO: Alignment error rate: 0.025411
[2025-10-11 15:53:55] root: INFO: >>>STAGE: repeat
[2025-10-11 15:53:55] root: INFO: Building and resolving repeat graph
[2025-10-11 15:53:55] root: DEBUG: -----Begin repeat analyser log------
[2025-10-11 15:53:55] root: DEBUG: Running: flye-modules repeat --disjointigs /tmp/slurm-maab9325-184442/.tmpUbVN2X/10-consensus/consensus.fasta --reads /scratch/lustre/home/maab9325/de_novo_genomes/subsampled_reads/sample_02.fastq --out-dir /tmp/slurm-maab9325-184442/.tmpUbVN2X/20-repeat --config /scratch/lustre/home/maab9325/miniforge3/envs/autocycler/lib/python3.12/site-packages/flye/config/bin_cfg/asm_nano_hq.cfg --log /tmp/slurm-maab9325-184442/.tmpUbVN2X/flye.log --threads 8 --min-ovlp 3000
[2025-10-11 15:53:55] DEBUG: Build date: May  4 2025 23:18:08
[2025-10-11 15:53:55] DEBUG: Total RAM: 503 Gb
[2025-10-11 15:53:55] DEBUG: Available RAM: 488 Gb
[2025-10-11 15:53:55] DEBUG: Total CPUs: 40
[2025-10-11 15:53:55] DEBUG: Loading /scratch/lustre/home/maab9325/miniforge3/envs/autocycler/lib/python3.12/site-packages/flye/config/bin_cfg/asm_nano_hq.cfg
[2025-10-11 15:53:55] DEBUG: Loading /scratch/lustre/home/maab9325/miniforge3/envs/autocycler/lib/python3.12/site-packages/flye/config/bin_cfg/asm_defaults.cfg
[2025-10-11 15:53:55] DEBUG: 	big_genome_threshold=29000000
[2025-10-11 15:53:55] DEBUG: 	meta_read_filter_kmer_freq=100
[2025-10-11 15:53:55] DEBUG: 	chain_large_gap_penalty=2
[2025-10-11 15:53:55] DEBUG: 	chain_small_gap_penalty=0.5
[2025-10-11 15:53:55] DEBUG: 	chain_gap_jump_threshold=100
[2025-10-11 15:53:55] DEBUG: 	max_jump_gap=500
[2025-10-11 15:53:55] DEBUG: 	max_coverage_drop_rate=5
[2025-10-11 15:53:55] DEBUG: 	max_extensions_drop_rate=5
[2025-10-11 15:53:55] DEBUG: 	chimera_window=100
[2025-10-11 15:53:55] DEBUG: 	chimera_overhang=1000
[2025-10-11 15:53:55] DEBUG: 	min_reads_in_disjointig=4
[2025-10-11 15:53:55] DEBUG: 	max_inner_reads=10
[2025-10-11 15:53:55] DEBUG: 	max_inner_fraction=0.25
[2025-10-11 15:53:55] DEBUG: 	aggressive_dup_filter=1
[2025-10-11 15:53:55] DEBUG: 	max_separation=500
[2025-10-11 15:53:55] DEBUG: 	unique_edge_length=50000
[2025-10-11 15:53:55] DEBUG: 	min_repeat_res_support=0.51
[2025-10-11 15:53:55] DEBUG: 	out_paths_ratio=5
[2025-10-11 15:53:55] DEBUG: 	graph_cov_drop_rate=5
[2025-10-11 15:53:55] DEBUG: 	coverage_estimate_window=100
[2025-10-11 15:53:55] DEBUG: 	max_bubble_length=50000
[2025-10-11 15:53:55] DEBUG: 	loop_coverage_rate=1.5
[2025-10-11 15:53:55] DEBUG: 	repeat_edge_cov_mult=1.75
[2025-10-11 15:53:55] DEBUG: 	weak_detach_rate=5
[2025-10-11 15:53:55] DEBUG: 	tip_coverage_rate=2
[2025-10-11 15:53:55] DEBUG: 	tip_length_rate=2
[2025-10-11 15:53:55] DEBUG: 	output_gfa_before_rr=1
[2025-10-11 15:53:55] DEBUG: 	remove_alt_edges=0
[2025-10-11 15:53:55] DEBUG: 	low_cutoff_warning=0
[2025-10-11 15:53:55] DEBUG: 	kmer_size=17
[2025-10-11 15:53:55] DEBUG: 	use_minimizers=1
[2025-10-11 15:53:55] DEBUG: 	minimizer_window=10
[2025-10-11 15:53:55] DEBUG: 	reads_base_alignment=1
[2025-10-11 15:53:55] DEBUG: 	meta_read_top_kmer_rate=0.75
[2025-10-11 15:53:55] DEBUG: 	maximum_jump=1500
[2025-10-11 15:53:55] DEBUG: 	maximum_overhang=1500
[2025-10-11 15:53:55] DEBUG: 	repeat_kmer_rate=100
[2025-10-11 15:53:55] DEBUG: 	assemble_ovlp_divergence=0.03
[2025-10-11 15:53:55] DEBUG: 	assemble_divergence_relative=1
[2025-10-11 15:53:55] DEBUG: 	repeat_graph_ovlp_divergence=0.03
[2025-10-11 15:53:55] DEBUG: 	read_align_ovlp_divergence=0.10
[2025-10-11 15:53:55] DEBUG: 	hpc_scoring_on=1
[2025-10-11 15:53:55] DEBUG: 	add_unassembled_reads=0
[2025-10-11 15:53:55] DEBUG: 	extend_contigs_with_repeats=0
[2025-10-11 15:53:55] DEBUG: 	min_read_cov_cutoff=3
[2025-10-11 15:53:55] DEBUG: 	short_tip_length=20000
[2025-10-11 15:53:55] DEBUG: 	long_tip_length=100000
[2025-10-11 15:53:55] DEBUG: Running with k-mer size: 17
[2025-10-11 15:53:55] DEBUG: Selected minimum overlap 3000
[2025-10-11 15:53:55] DEBUG: Metagenome mode: N
[2025-10-11 15:53:55] INFO: Parsing disjointigs
[2025-10-11 15:53:55] DEBUG: Building positional index
[2025-10-11 15:53:55] DEBUG: Total sequence: 4378145 bp
[2025-10-11 15:53:55] INFO: Building repeat graph
[2025-10-11 15:53:55] DEBUG: Mean k-mer frequency: 1.03079
[2025-10-11 15:53:55] DEBUG: Repetitive k-mer frequency: 103
[2025-10-11 15:53:55] DEBUG: Filtered 0 repetitive k-mers (0)
[2025-10-11 15:53:56] DEBUG: Sorting k-mer index
[2025-10-11 15:53:56] DEBUG: Selected k-mers: 771662
[2025-10-11 15:53:56] DEBUG: K-mer index size: 795422
[2025-10-11 15:53:56] DEBUG: Mean k-mer frequency: 1.03079
[2025-10-11 15:53:56] DEBUG: Minimizer rate: 5.50418
[2025-10-11 15:53:57] DEBUG: Computing transitive closure for overlaps
[2025-10-11 15:53:57] DEBUG: Found 16 overlaps
[2025-10-11 15:53:57] DEBUG: Left 8 overlaps after filtering
[2025-10-11 15:53:57] INFO: Median overlap divergence: 0.29245
[2025-10-11 15:53:57] DEBUG: Sequence divergence distribution: 

    |      |                                                      *                                      
    |      |                                                      *                                      
    |      |                                                      *                                      
    |      |                                                      *                                      
    |      |                                                      *                                      
    |      |                                                      *                                      
    |*     |                                        *             *                                      
    |*     |                                        *             *                                      
    |*     |                                        *             *                                      
    |*     |                                        *             *                                      
    |*     |                                        *             *                                      
    |*     |                                        *             *                                      
    |*     |                                        *             *                                      
    |**    |                             *       *  *          ****   *                                  
    |**    |                             *       *  *          ****   *                                  
    |**    |                             *       *  *          ****   *                                  
    |**    |                             *       *  *          ****   *                                  
    |**    |                             *       *  *          ****   *                                  
    |**    |                             *       *  *          ****   *                                  
    |**    |                             *       *  *          ****   *                                  
    ----------------------------------------------------------------------------------------------------
    0%        5%        10%       15%       20%       25%       30%       35%       40%       45%       

    Q25 = 0.18, Q50 = 0.29, Q75 = 0.31

[2025-10-11 15:53:57] DEBUG: Computing gluepoints
[2025-10-11 15:53:57] DEBUG: Added 0 gluepoint projections
[2025-10-11 15:53:57] DEBUG: Created 14 gluepoints
[2025-10-11 15:53:57] DEBUG: Artificial loops removed: 0 left, 0 right, 2 both
[2025-10-11 15:53:57] DEBUG: Initializing edges
[2025-10-11 15:53:57] DEBUG: Edges length checksum: 1067489610
[2025-10-11 15:53:57] DEBUG: Filtered 0 singleton segments
[2025-10-11 15:53:57] DEBUG: Removed 0 simple and 0 double chimeric junctions
[2025-10-11 15:53:57] DEBUG: Collapsed 2 edges
[2025-10-11 15:53:57] DEBUG: *	4	+disjointig_1	4595	4354626	4350031	
[2025-10-11 15:53:57] DEBUG: Total edges: 4
[2025-10-11 15:53:57] INFO: Parsing reads
[2025-10-11 15:53:58] DEBUG: Building positional index
[2025-10-11 15:53:58] DEBUG: Total sequence: 133795090 bp
[2025-10-11 15:53:58] DEBUG: Building positional index
[2025-10-11 15:53:58] DEBUG: Total sequence: 4350031 bp
[2025-10-11 15:53:58] INFO: Aligning reads to the graph
[2025-10-11 15:53:58] DEBUG: Mean k-mer frequency: 1.02448
[2025-10-11 15:53:58] DEBUG: Repetitive k-mer frequency: 102
[2025-10-11 15:53:58] DEBUG: Filtered 0 repetitive k-mers (0)
[2025-10-11 15:53:58] DEBUG: Sorting k-mer index
[2025-10-11 15:53:58] DEBUG: Selected k-mers: 771391
[2025-10-11 15:53:58] DEBUG: K-mer index size: 790275
[2025-10-11 15:53:58] DEBUG: Mean k-mer frequency: 1.02448
[2025-10-11 15:53:58] DEBUG: Minimizer rate: 5.50445
[2025-10-11 15:54:03] DEBUG: Total reads : 17589
[2025-10-11 15:54:03] DEBUG: Read with aligned parts : 16818
[2025-10-11 15:54:03] DEBUG: Aligned in one piece : 16508
[2025-10-11 15:54:03] INFO: Aligned read sequence: 118629036 / 124496830 (0.952868)
[2025-10-11 15:54:03] INFO: Median overlap divergence: 0.0104887
[2025-10-11 15:54:03] DEBUG: Sequence divergence distribution: 

    | *                  |                                                                               
    | *                  |                                                                               
    | **                 |                                                                               
    | **                 |                                                                               
    | **                 |                                                                               
    | **                 |                                                                               
    | **                 |                                                                               
    | **                 |                                                                               
    | **                 |                                                                               
    | **                 |                                                                               
    | **                 |                                                                               
    | **                 |                                                                               
    | ***                |                                                                               
    | ***                |                                                                               
    | ***                |                                                                               
    | ***                |                                                                               
    | ***                |                                                                               
    |****                |                                                                               
    |*****               |                                                                               
    |********************|** *  * ***   *  *  *  * ** * *  *  *                                          
    ----------------------------------------------------------------------------------------------------
    0%        5%        10%       15%       20%       25%       30%       35%       40%       45%       

    Q25 = 0.0078, Q50 = 0.01, Q75 = 0.014

[2025-10-11 15:54:03] INFO: Mean edge coverage: 26
[2025-10-11 15:54:03] DEBUG: 4	len:4350031	cov:27	mult:1.03846
[2025-10-11 15:54:03] DEBUG: -4	len:4350031	cov:27	mult:1.03846
[2025-10-11 15:54:03] DEBUG: Unique coverage threshold 47
[2025-10-11 15:54:03] INFO: Simplifying the graph
[2025-10-11 15:54:03] DEBUG: Read coverage cutoff: 5
[2025-10-11 15:54:03] DEBUG: [SIMPL] Removed 0 paths with low coverage
[2025-10-11 15:54:03] DEBUG: [SIMPL] Masked 0 heterozygous loops
[2025-10-11 15:54:03] DEBUG: [SIMPL] Masked 0 simple bubbles
[2025-10-11 15:54:03] DEBUG: Finding repeats
[2025-10-11 15:54:03] DEBUG: Read coverage cutoff: 5
[2025-10-11 15:54:03] DEBUG: Repeat detection iteration 1
[2025-10-11 15:54:03] DEBUG: Writing Dot
[2025-10-11 15:54:03] DEBUG: Writing FASTA
[2025-10-11 15:54:03] DEBUG: Writing Gfa
[2025-10-11 15:54:03] DEBUG: [SIMPL] == Iteration 1 ==
[2025-10-11 15:54:03] DEBUG: Splitting nodes
[2025-10-11 15:54:03] DEBUG: [SIMPL] Split 0 nodes
[2025-10-11 15:54:03] DEBUG: [SIMPL] Clipped 0 short and 0 long tips
[2025-10-11 15:54:03] DEBUG: [SIMPL] Masked 0 heterozygous loops
[2025-10-11 15:54:03] DEBUG: [SIMPL] Masked 0 simple bubbles
[2025-10-11 15:54:03] DEBUG: Finding repeats
[2025-10-11 15:54:03] DEBUG: Read coverage cutoff: 5
[2025-10-11 15:54:03] DEBUG: Repeat detection iteration 1
[2025-10-11 15:54:03] DEBUG: Total unique edges: 1
[2025-10-11 15:54:03] DEBUG: [SIMPL] Resolved repeats: 0
[2025-10-11 15:54:03] DEBUG: RR links: 0
[2025-10-11 15:54:03] DEBUG: Unresolved: 0
[2025-10-11 15:54:03] DEBUG: Removed 0 simple and 0 double chimeric junctions
[2025-10-11 15:54:03] DEBUG: [SIMPL] Collapsed 0 haplotypes
[2025-10-11 15:54:03] DEBUG: [SIMPL] Resolved 0 simple repeats
[2025-10-11 15:54:03] DEBUG: Read coverage cutoff: 5
[2025-10-11 15:54:03] DEBUG: [SIMPL] Removed 0 paths with low coverage
[2025-10-11 15:54:03] DEBUG: Finding repeats
[2025-10-11 15:54:03] DEBUG: Read coverage cutoff: 5
[2025-10-11 15:54:03] DEBUG: Repeat detection iteration 1
[2025-10-11 15:54:03] DEBUG: Writing Dot
[2025-10-11 15:54:04] DEBUG: Writing FASTA
[2025-10-11 15:54:04] DEBUG: Peak RAM usage: 0 Gb
-----------End assembly log------------
[2025-10-11 15:54:04] root: INFO: >>>STAGE: contigger
[2025-10-11 15:54:04] root: INFO: Generating contigs
[2025-10-11 15:54:04] root: DEBUG: -----Begin contigger analyser log------
[2025-10-11 15:54:04] root: DEBUG: Running: flye-modules contigger --graph-edges /tmp/slurm-maab9325-184442/.tmpUbVN2X/20-repeat/repeat_graph_edges.fasta --reads /scratch/lustre/home/maab9325/de_novo_genomes/subsampled_reads/sample_02.fastq --out-dir /tmp/slurm-maab9325-184442/.tmpUbVN2X/30-contigger --config /scratch/lustre/home/maab9325/miniforge3/envs/autocycler/lib/python3.12/site-packages/flye/config/bin_cfg/asm_nano_hq.cfg --repeat-graph /tmp/slurm-maab9325-184442/.tmpUbVN2X/20-repeat/repeat_graph_dump --graph-aln /tmp/slurm-maab9325-184442/.tmpUbVN2X/20-repeat/read_alignment_dump --log /tmp/slurm-maab9325-184442/.tmpUbVN2X/flye.log --threads 8 --min-ovlp 3000
[2025-10-11 15:54:04] DEBUG: Build date: May  4 2025 23:18:25
[2025-10-11 15:54:04] DEBUG: Total RAM: 503 Gb
[2025-10-11 15:54:04] DEBUG: Available RAM: 488 Gb
[2025-10-11 15:54:04] DEBUG: Total CPUs: 40
[2025-10-11 15:54:04] DEBUG: Loading /scratch/lustre/home/maab9325/miniforge3/envs/autocycler/lib/python3.12/site-packages/flye/config/bin_cfg/asm_nano_hq.cfg
[2025-10-11 15:54:04] DEBUG: Loading /scratch/lustre/home/maab9325/miniforge3/envs/autocycler/lib/python3.12/site-packages/flye/config/bin_cfg/asm_defaults.cfg
[2025-10-11 15:54:04] DEBUG: 	big_genome_threshold=29000000
[2025-10-11 15:54:04] DEBUG: 	meta_read_filter_kmer_freq=100
[2025-10-11 15:54:04] DEBUG: 	chain_large_gap_penalty=2
[2025-10-11 15:54:04] DEBUG: 	chain_small_gap_penalty=0.5
[2025-10-11 15:54:04] DEBUG: 	chain_gap_jump_threshold=100
[2025-10-11 15:54:04] DEBUG: 	max_jump_gap=500
[2025-10-11 15:54:04] DEBUG: 	max_coverage_drop_rate=5
[2025-10-11 15:54:04] DEBUG: 	max_extensions_drop_rate=5
[2025-10-11 15:54:04] DEBUG: 	chimera_window=100
[2025-10-11 15:54:04] DEBUG: 	chimera_overhang=1000
[2025-10-11 15:54:04] DEBUG: 	min_reads_in_disjointig=4
[2025-10-11 15:54:04] DEBUG: 	max_inner_reads=10
[2025-10-11 15:54:04] DEBUG: 	max_inner_fraction=0.25
[2025-10-11 15:54:04] DEBUG: 	aggressive_dup_filter=1
[2025-10-11 15:54:04] DEBUG: 	max_separation=500
[2025-10-11 15:54:04] DEBUG: 	unique_edge_length=50000
[2025-10-11 15:54:04] DEBUG: 	min_repeat_res_support=0.51
[2025-10-11 15:54:04] DEBUG: 	out_paths_ratio=5
[2025-10-11 15:54:04] DEBUG: 	graph_cov_drop_rate=5
[2025-10-11 15:54:04] DEBUG: 	coverage_estimate_window=100
[2025-10-11 15:54:04] DEBUG: 	max_bubble_length=50000
[2025-10-11 15:54:04] DEBUG: 	loop_coverage_rate=1.5
[2025-10-11 15:54:04] DEBUG: 	repeat_edge_cov_mult=1.75
[2025-10-11 15:54:04] DEBUG: 	weak_detach_rate=5
[2025-10-11 15:54:04] DEBUG: 	tip_coverage_rate=2
[2025-10-11 15:54:04] DEBUG: 	tip_length_rate=2
[2025-10-11 15:54:04] DEBUG: 	output_gfa_before_rr=1
[2025-10-11 15:54:04] DEBUG: 	remove_alt_edges=0
[2025-10-11 15:54:04] DEBUG: 	low_cutoff_warning=0
[2025-10-11 15:54:04] DEBUG: 	kmer_size=17
[2025-10-11 15:54:04] DEBUG: 	use_minimizers=1
[2025-10-11 15:54:04] DEBUG: 	minimizer_window=10
[2025-10-11 15:54:04] DEBUG: 	reads_base_alignment=1
[2025-10-11 15:54:04] DEBUG: 	meta_read_top_kmer_rate=0.75
[2025-10-11 15:54:04] DEBUG: 	maximum_jump=1500
[2025-10-11 15:54:04] DEBUG: 	maximum_overhang=1500
[2025-10-11 15:54:04] DEBUG: 	repeat_kmer_rate=100
[2025-10-11 15:54:04] DEBUG: 	assemble_ovlp_divergence=0.03
[2025-10-11 15:54:04] DEBUG: 	assemble_divergence_relative=1
[2025-10-11 15:54:04] DEBUG: 	repeat_graph_ovlp_divergence=0.03
[2025-10-11 15:54:04] DEBUG: 	read_align_ovlp_divergence=0.10
[2025-10-11 15:54:04] DEBUG: 	hpc_scoring_on=1
[2025-10-11 15:54:04] DEBUG: 	add_unassembled_reads=0
[2025-10-11 15:54:04] DEBUG: 	extend_contigs_with_repeats=0
[2025-10-11 15:54:04] DEBUG: 	min_read_cov_cutoff=3
[2025-10-11 15:54:04] DEBUG: 	short_tip_length=20000
[2025-10-11 15:54:04] DEBUG: 	long_tip_length=100000
[2025-10-11 15:54:04] DEBUG: Running with k-mer size: 17
[2025-10-11 15:54:04] DEBUG: Selected minimum overlap 3000
[2025-10-11 15:54:04] INFO: Reading sequences
[2025-10-11 15:54:04] DEBUG: Building positional index
[2025-10-11 15:54:04] DEBUG: Total sequence: 133795090 bp
[2025-10-11 15:54:04] DEBUG: Flipped 0
[2025-10-11 15:54:04] DEBUG: UPath 1: 4
[2025-10-11 15:54:04] DEBUG: Final graph contains 1 egdes
[2025-10-11 15:54:04] DEBUG: Extending contigs into repeats
[2025-10-11 15:54:04] DEBUG: Covered 0 repetitive contigs
[2025-10-11 15:54:04] INFO: Generated 1 contigs
[2025-10-11 15:54:04] DEBUG: Writing FASTA
[2025-10-11 15:54:04] DEBUG: Generating scaffold connections
[2025-10-11 15:54:04] INFO: Added 0 scaffold connections
[2025-10-11 15:54:04] DEBUG: Writing Dot
[2025-10-11 15:54:04] DEBUG: Writing FASTA
[2025-10-11 15:54:04] DEBUG: Writing Gfa
[2025-10-11 15:54:04] DEBUG: Peak RAM usage: 0 Gb
-----------End assembly log------------
[2025-10-11 15:54:04] root: INFO: >>>STAGE: polishing
[2025-10-11 15:54:04] root: INFO: Polishing genome (1/1)
[2025-10-11 15:54:04] root: INFO: Running minimap2
[2025-10-11 15:54:15] root: INFO: Separating alignment into bubbles
[2025-10-11 15:54:43] root: DEBUG: Generated 300906 bubbles
[2025-10-11 15:54:43] root: DEBUG: Split 0 long bubbles
[2025-10-11 15:54:43] root: DEBUG: Skipped 0 empty bubbles
[2025-10-11 15:54:43] root: DEBUG: Skipped 0 bubbles with long branches
[2025-10-11 15:54:43] root: INFO: Alignment error rate: 0.014338
[2025-10-11 15:54:43] root: INFO: Correcting bubbles
[2025-10-11 15:55:04] root: DEBUG: Mean contig coverage: 31, selected threshold: 6
[2025-10-11 15:55:04] root: DEBUG: Filtered 0 contigs of total length 0
[2025-10-11 15:55:04] root: DEBUG: Generating polished GFA
[2025-10-11 15:55:06] root: DEBUG: 0 sequences remained unpolished
[2025-10-11 15:55:06] root: INFO: >>>STAGE: finalize
[2025-10-11 15:55:06] root: DEBUG: ---Output dir contents:----
[2025-10-11 15:55:06] root: DEBUG: .tmpUbVN2X/
[2025-10-11 15:55:06] root: DEBUG:     92.0 B      params.json
[2025-10-11 15:55:06] root: DEBUG:     193.0 B     assembly_graph.gv
[2025-10-11 15:55:06] root: DEBUG:     4.0 M       assembly_graph.gfa
[2025-10-11 15:55:06] root: DEBUG:     29.0 K      flye.log
[2025-10-11 15:55:06] root: DEBUG:     4.0 M       assembly.fasta
[2025-10-11 15:55:06] root: DEBUG:     30-contigger/
[2025-10-11 15:55:06] root: DEBUG:         4.0 M       graph_final.fasta
[2025-10-11 15:55:06] root: DEBUG:         26.0 B      contigs.fasta.fai
[2025-10-11 15:55:06] root: DEBUG:         112.0 B     contigs_stats.txt
[2025-10-11 15:55:06] root: DEBUG:         0.0 B       scaffolds_links.txt
[2025-10-11 15:55:06] root: DEBUG:         4.0 M       graph_final.gfa
[2025-10-11 15:55:06] root: DEBUG:         193.0 B     graph_final.gv
[2025-10-11 15:55:06] root: DEBUG:         4.0 M       contigs.fasta
[2025-10-11 15:55:06] root: DEBUG:     00-assembly/
[2025-10-11 15:55:06] root: DEBUG:         30.0 B      draft_assembly.fasta.fai
[2025-10-11 15:55:06] root: DEBUG:         4.0 M       draft_assembly.fasta
[2025-10-11 15:55:06] root: DEBUG:     10-consensus/
[2025-10-11 15:55:06] root: DEBUG:         962.0 B     minimap.stderr
[2025-10-11 15:55:06] root: DEBUG:         22.0 K      minimap.bam.csi
[2025-10-11 15:55:06] root: DEBUG:         4.0 M       consensus.fasta
[2025-10-11 15:55:06] root: DEBUG:     20-repeat/
[2025-10-11 15:55:06] root: DEBUG:         4.0 M       graph_before_rr.fasta
[2025-10-11 15:55:06] root: DEBUG:         4.0 M       read_alignment_dump
[2025-10-11 15:55:06] root: DEBUG:         204.0 B     repeat_graph_dump
[2025-10-11 15:55:06] root: DEBUG:         4.0 M       graph_before_rr.gfa
[2025-10-11 15:55:06] root: DEBUG:         4.0 M       repeat_graph_edges.fasta
[2025-10-11 15:55:06] root: DEBUG:         193.0 B     graph_before_rr.gv
[2025-10-11 15:55:06] root: DEBUG:         193.0 B     graph_after_rr.gv
[2025-10-11 15:55:06] root: DEBUG:     40-polishing/
[2025-10-11 15:55:06] root: DEBUG:         46.0 B      filtered_stats.txt
[2025-10-11 15:55:06] root: DEBUG:         1.0 M       base_coverage.bed.gz
[2025-10-11 15:55:06] root: DEBUG:         886.0 B     minimap.stderr
[2025-10-11 15:55:06] root: DEBUG:         4.0 M       polished_edges.gfa
[2025-10-11 15:55:06] root: DEBUG:         46.0 B      contigs_stats.txt
[2025-10-11 15:55:06] root: DEBUG:         4.0 M       filtered_contigs.fasta
[2025-10-11 15:55:06] root: DEBUG:         22.0 K      minimap_1.bam.csi
[2025-10-11 15:55:06] root: DEBUG:         26.0 B      filtered_contigs.fasta.fai
[2025-10-11 15:55:06] root: DEBUG:         96.0 B      edges_aln.bam.csi
[2025-10-11 15:55:06] root: DEBUG: --------------------------
[2025-10-11 15:55:06] root: INFO: Assembly statistics:

	Total length:	4350080
	Fragments:	1
	Fragments N50:	4350080
	Largest frg:	4350080
	Scaffolds:	0
	Mean coverage:	31

[2025-10-11 15:55:06] root: INFO: Final assembly: /tmp/slurm-maab9325-184442/.tmpUbVN2X/assembly.fasta
